17:26:20 **** Clean-only build of configuration ExtendedColorLight_1 for project Zigbee-3-0-Light-Bulb ****
make LIGHT=ExtendedColorLight JENNIC_CHIP_FAMILY=JN516x JENNIC_CHIP=JN5169 TRACE=1 OTA=0 OTA_ENCRYPTED=0 clean 
JENNIC_MAC is Mini MAC shim 
Building trace version ...
rm -f bdb_DeviceCommissioning.o
rm -f bdb_fb_target.o
rm -f bdb_fb_common.o
rm -f ecb_decrypt.o
rm -f bdb_tl_common.o
rm -f bdb_tl_router_target.o
rm -f bdb_ns.o
rm -f portasm.o
rm -f port.o
rm -f appZpsExtendedDebug.o
rm -f appZpsBeaconHandler.o
rm -f appZdpExtraction.o
rm -f ZTimer.o
rm -f ZQueue.o
rm -f bdb_state_machine.o
rm -f bdb_start.o
rm -f bdb_link_keys.o
rm -f bdb_fr.o
rm -f zcl_transmit.o
rm -f zcl_timer.o
rm -f zcl_search.o
rm -f zcl_reportStructure.o
rm -f zcl_reportStringHandling.o
rm -f zcl_reportScheduler.o
rm -f zcl_reportMaths.o
rm -f zcl_reportManager.o
rm -f zcl_readReportingConfigurationResponseHandle.o
rm -f zcl_readReportingConfigurationCommandSend.o
rm -f zcl_readReportingConfigurationCommandHandle.o
rm -f zcl_readAttributesResponseHandle.o
rm -f zcl_readAttributesRequestSend.o
rm -f zcl_readAttributesRequestHandle.o
rm -f zcl_library_options.o
rm -f zcl_heap.o
rm -f zcl_event.o
rm -f zcl_discoverCommandsResponseHandle.o
rm -f zcl_discoverCommandsRequestSend.o
rm -f zcl_discoverCommandsRequestHandle.o
rm -f zcl_discoverAttributesResponseHandle.o
rm -f zcl_discoverAttributesRequestSend.o
rm -f zcl_discoverAttributesRequestHandle.o
rm -f zcl_discoverAttributesExtendedResponseHandle.o
rm -f zcl_discoverAttributesExtendedRequestSend.o
rm -f zcl_discoverAttributesExtendedRequestHandle.o
rm -f zcl_defaultResponse.o
rm -f zcl_configureReportingResponseHandle.o
rm -f zcl_configureReportingCommandSend.o
rm -f zcl_configureReportingCommandHandle.o
rm -f zcl_common.o
rm -f zcl_command.o
rm -f zcl_clusterCommand.o
rm -f zcl_buffer.o
rm -f zcl_attribute.o
rm -f zcl_WriteAttributesResponseHandle.o
rm -f zcl_WriteAttributesRequestSend.o
rm -f zcl_WriteAttributesRequestHandle.o
rm -f zcl_PDUbufferReadWriteString.o
rm -f zcl_PDUbufferReadWrite.o
rm -f zcl_CustomCommandSend.o
rm -f zcl_CustomCommandReceive.o
rm -f zcl.o
rm -f dlist.o
rm -f zll_utility.o
rm -f zll_commission.o
rm -f zll_UtilityCmdHandler.o
rm -f zll_CommissionCmdHandler.o
rm -f CommissioningServerCommands.o
rm -f CommissioningCmdHandler.o
rm -f CommissioningClientCommands.o
rm -f Commissioning.o
rm -f on_off_sensor.o
rm -f on_off_plug.o
rm -f on_off_light_switch.o
rm -f on_off_light.o
rm -f on_off_ballast.o
rm -f occupancy_sensor.o
rm -f non_colour_scene_controller.o
rm -f non_colour_controller.o
rm -f light_sensor.o
rm -f light_level_sensor.o
rm -f extended_colour_light.o
Command canceled

17:28:30 Build Cancelled (took 2m:10s.361ms)

