###############################################################################
#                                                                             #
# IAR C/C++ Compiler V8.10.1.10194/W32 for 8051         16/Sep/2015  19:15:30 #
# Copyright 2004-2011 IAR Systems AB.                                         #
#                                                                             #
#    Core               =  plain                                              #
#    Code model         =  banked                                             #
#    Data model         =  large                                              #
#    Calling convention =  xdata reentrant                                    #
#    Constant location  =  data_rom                                           #
#    Dptr setup         =  1,16                                               #
#    Source file        =  F:\ZigBee Project\smartSwitch-light\v1.2\ZStack-CC #
#                          2530-2.5.1a\ZStack-CC2530-2.5.1a\Components\mac\lo #
#                          w_level\srf04\single_chip\mac_rffrontend.c         #
#    Command line       =  -f "F:\ZigBee Project\smartSwitch-light\v1.2\ZStac #
#                          k-CC2530-2.5.1a\ZStack-CC2530-2.5.1a\Projects\zsta #
#                          ck\HomeAutomation\SmartSwitchLight\CC2530DB\..\Too #
#                          ls\CC2530DB\f8wEndev.cfg" (-DCPU32MHZ              #
#                          -DROOT=__near_func -DMAC_CFG_TX_DATA_MAX=3         #
#                          -DMAC_CFG_TX_MAX=6 -DMAC_CFG_RX_MAX=3              #
#                          -DHAL_PA_LNA -DHAL_KEY=FALSE -DHAL_LED=FALSE       #
#                          -DHAL_LCD=FALSE -DHAL_ADC=FALSE -DNV_RESTORE       #
#                          -DNV_INIT) -f "F:\ZigBee                           #
#                          Project\smartSwitch-light\v1.2\ZStack-CC2530-2.5.1 #
#                          a\ZStack-CC2530-2.5.1a\Projects\zstack\HomeAutomat #
#                          ion\SmartSwitchLight\CC2530DB\..\Tools\CC2530DB\f8 #
#                          wConfig.cfg" (-DZIGBEEPRO -DSECURE=0               #
#                          -DZG_SECURE_DYNAMIC=0 -DREFLECTOR                  #
#                          -DDEFAULT_CHANLIST=0x02000000                      #
#                          -DZDAPP_CONFIG_PAN_ID=0xFFFF                       #
#                          -DNWK_START_DELAY=100 -DEXTENDED_JOINING_RANDOM_MA #
#                          SK=0x007F -DBEACON_REQUEST_DELAY=100               #
#                          -DBEACON_REQ_DELAY_MASK=0x00FF                     #
#                          -DLINK_STATUS_JITTER_MASK=0x007F                   #
#                          -DROUTE_EXPIRY_TIME=30 -DAPSC_ACK_WAIT_DURATION_PO #
#                          LLED=3000 -DNWK_INDIRECT_MSG_TIMEOUT=7             #
#                          -DMAX_RREQ_ENTRIES=8 -DAPSC_MAX_FRAME_RETRIES=3    #
#                          -DNWK_MAX_DATA_RETRIES=2                           #
#                          -DMAX_POLL_FAILURE_RETRIES=2 -DMAX_BCAST=9         #
#                          -DAPS_MAX_GROUPS=16 -DMAX_RTG_ENTRIES=40           #
#                          -DNWK_MAX_BINDING_ENTRIES=4                        #
#                          -DMAX_BINDING_CLUSTER_IDS=4 "-DDEFAULT_KEY={0x01,  #
#                          0x03, 0x05, 0x07, 0x09, 0x0B, 0x0D, 0x0F, 0x00,    #
#                          0x02, 0x04, 0x06, 0x08, 0x0A, 0x0C, 0x0D}"         #
#                          -DMAC_MAX_FRAME_SIZE=116                           #
#                          -DZDNWKMGR_MIN_TRANSMISSIONS=20 "-DCONST=const     #
#                          __code" -DGENERIC=__generic                        #
#                          -DRFD_RCVC_ALWAYS_ON=TRUE -DPOLL_RATE=0            #
#                          -DQUEUED_POLL_RATE=0 -DRESPONSE_POLL_RATE=0        #
#                          -DREJOIN_POLL_RATE=440) -f "F:\ZigBee              #
#                          Project\smartSwitch-light\v1.2\ZStack-CC2530-2.5.1 #
#                          a\ZStack-CC2530-2.5.1a\Projects\zstack\HomeAutomat #
#                          ion\SmartSwitchLight\CC2530DB\..\Tools\CC2530DB\f8 #
#                          wZCL.cfg" (-DZCL_READ -DZCL_WRITE -DZCL_REPORT     #
#                          -DZCL_BASIC -DZCL_IDENTIFY -DZCL_ON_OFF            #
#                          -DZCL_KEY_ESTABLISH -DZCL_KEY_ESTABLISHMENT_KEY_GE #
#                          NERATE_TIMEOUT=4 -DZCL_KEY_ESTABLISHMENT_MAC_GENER #
#                          ATE_TIMEOUT=10 -DZCL_KEY_ESTABLISHMENT_EKEY_GENERA #
#                          TE_TIMEOUT=10 -DZCL_LOAD_CONTROL                   #
#                          -DZCL_SIMPLE_METERING -DZCL_PRICING -DZCL_MESSAGE  #
#                          -DZCL_TUNNELING -DZCL_TOU) -DZCL_DEVICE_MGMT       #
#                          "F:\ZigBee Project\smartSwitch-light\v1.2\ZStack-C #
#                          C2530-2.5.1a\ZStack-CC2530-2.5.1a\Components\mac\l #
#                          ow_level\srf04\single_chip\mac_rffrontend.c" -lC   #
#                          "F:\ZigBee Project\smartSwitch-light\v1.2\ZStack-C #
#                          C2530-2.5.1a\ZStack-CC2530-2.5.1a\Projects\zstack\ #
#                          HomeAutomation\SmartSwitchLight\CC2530DB\EndDevice #
#                          EB\List\" -lA "F:\ZigBee                           #
#                          Project\smartSwitch-light\v1.2\ZStack-CC2530-2.5.1 #
#                          a\ZStack-CC2530-2.5.1a\Projects\zstack\HomeAutomat #
#                          ion\SmartSwitchLight\CC2530DB\EndDeviceEB\List\"   #
#                          --diag_suppress Pe001,Pa010 -o "F:\ZigBee          #
#                          Project\smartSwitch-light\v1.2\ZStack-CC2530-2.5.1 #
#                          a\ZStack-CC2530-2.5.1a\Projects\zstack\HomeAutomat #
#                          ion\SmartSwitchLight\CC2530DB\EndDeviceEB\Obj\"    #
#                          -e --debug --core=plain --dptr=16,1                #
#                          --data_model=large --code_model=banked             #
#                          --calling_convention=xdata_reentrant               #
#                          --place_constants=data_rom --nr_virtual_regs 16    #
#                          -I "F:\ZigBee Project\smartSwitch-light\v1.2\ZStac #
#                          k-CC2530-2.5.1a\ZStack-CC2530-2.5.1a\Projects\zsta #
#                          ck\HomeAutomation\SmartSwitchLight\CC2530DB\" -I   #
#                          "F:\ZigBee Project\smartSwitch-light\v1.2\ZStack-C #
#                          C2530-2.5.1a\ZStack-CC2530-2.5.1a\Projects\zstack\ #
#                          HomeAutomation\SmartSwitchLight\CC2530DB\..\Source #
#                          \" -I "F:\ZigBee Project\smartSwitch-light\v1.2\ZS #
#                          tack-CC2530-2.5.1a\ZStack-CC2530-2.5.1a\Projects\z #
#                          stack\HomeAutomation\SmartSwitchLight\CC2530DB\..\ #
#                          ..\Source\" -I "F:\ZigBee                          #
#                          Project\smartSwitch-light\v1.2\ZStack-CC2530-2.5.1 #
#                          a\ZStack-CC2530-2.5.1a\Projects\zstack\HomeAutomat #
#                          ion\SmartSwitchLight\CC2530DB\..\..\..\ZMain\TI253 #
#                          0DB\" -I "F:\ZigBee Project\smartSwitch-light\v1.2 #
#                          \ZStack-CC2530-2.5.1a\ZStack-CC2530-2.5.1a\Project #
#                          s\zstack\HomeAutomation\SmartSwitchLight\CC2530DB\ #
#                          ..\..\..\..\..\Components\hal\include\" -I         #
#                          "F:\ZigBee Project\smartSwitch-light\v1.2\ZStack-C #
#                          C2530-2.5.1a\ZStack-CC2530-2.5.1a\Projects\zstack\ #
#                          HomeAutomation\SmartSwitchLight\CC2530DB\..\..\..\ #
#                          ..\..\Components\hal\target\CC2530EB\" -I          #
#                          "F:\ZigBee Project\smartSwitch-light\v1.2\ZStack-C #
#                          C2530-2.5.1a\ZStack-CC2530-2.5.1a\Projects\zstack\ #
#                          HomeAutomation\SmartSwitchLight\CC2530DB\..\..\..\ #
#                          ..\..\Components\mac\include\" -I "F:\ZigBee       #
#                          Project\smartSwitch-light\v1.2\ZStack-CC2530-2.5.1 #
#                          a\ZStack-CC2530-2.5.1a\Projects\zstack\HomeAutomat #
#                          ion\SmartSwitchLight\CC2530DB\..\..\..\..\..\Compo #
#                          nents\mac\high_level\" -I "F:\ZigBee               #
#                          Project\smartSwitch-light\v1.2\ZStack-CC2530-2.5.1 #
#                          a\ZStack-CC2530-2.5.1a\Projects\zstack\HomeAutomat #
#                          ion\SmartSwitchLight\CC2530DB\..\..\..\..\..\Compo #
#                          nents\mac\low_level\srf04\" -I "F:\ZigBee          #
#                          Project\smartSwitch-light\v1.2\ZStack-CC2530-2.5.1 #
#                          a\ZStack-CC2530-2.5.1a\Projects\zstack\HomeAutomat #
#                          ion\SmartSwitchLight\CC2530DB\..\..\..\..\..\Compo #
#                          nents\mac\low_level\srf04\single_chip\" -I         #
#                          "F:\ZigBee Project\smartSwitch-light\v1.2\ZStack-C #
#                          C2530-2.5.1a\ZStack-CC2530-2.5.1a\Projects\zstack\ #
#                          HomeAutomation\SmartSwitchLight\CC2530DB\..\..\..\ #
#                          ..\..\Components\mt\" -I "F:\ZigBee                #
#                          Project\smartSwitch-light\v1.2\ZStack-CC2530-2.5.1 #
#                          a\ZStack-CC2530-2.5.1a\Projects\zstack\HomeAutomat #
#                          ion\SmartSwitchLight\CC2530DB\..\..\..\..\..\Compo #
#                          nents\osal\include\" -I "F:\ZigBee                 #
#                          Project\smartSwitch-light\v1.2\ZStack-CC2530-2.5.1 #
#                          a\ZStack-CC2530-2.5.1a\Projects\zstack\HomeAutomat #
#                          ion\SmartSwitchLight\CC2530DB\..\..\..\..\..\Compo #
#                          nents\services\saddr\" -I "F:\ZigBee               #
#                          Project\smartSwitch-light\v1.2\ZStack-CC2530-2.5.1 #
#                          a\ZStack-CC2530-2.5.1a\Projects\zstack\HomeAutomat #
#                          ion\SmartSwitchLight\CC2530DB\..\..\..\..\..\Compo #
#                          nents\services\sdata\" -I "F:\ZigBee               #
#                          Project\smartSwitch-light\v1.2\ZStack-CC2530-2.5.1 #
#                          a\ZStack-CC2530-2.5.1a\Projects\zstack\HomeAutomat #
#                          ion\SmartSwitchLight\CC2530DB\..\..\..\..\..\Compo #
#                          nents\stack\af\" -I "F:\ZigBee                     #
#                          Project\smartSwitch-light\v1.2\ZStack-CC2530-2.5.1 #
#                          a\ZStack-CC2530-2.5.1a\Projects\zstack\HomeAutomat #
#                          ion\SmartSwitchLight\CC2530DB\..\..\..\..\..\Compo #
#                          nents\stack\nwk\" -I "F:\ZigBee                    #
#                          Project\smartSwitch-light\v1.2\ZStack-CC2530-2.5.1 #
#                          a\ZStack-CC2530-2.5.1a\Projects\zstack\HomeAutomat #
#                          ion\SmartSwitchLight\CC2530DB\..\..\..\..\..\Compo #
#                          nents\stack\sapi\" -I "F:\ZigBee                   #
#                          Project\smartSwitch-light\v1.2\ZStack-CC2530-2.5.1 #
#                          a\ZStack-CC2530-2.5.1a\Projects\zstack\HomeAutomat #
#                          ion\SmartSwitchLight\CC2530DB\..\..\..\..\..\Compo #
#                          nents\stack\sec\" -I "F:\ZigBee                    #
#                          Project\smartSwitch-light\v1.2\ZStack-CC2530-2.5.1 #
#                          a\ZStack-CC2530-2.5.1a\Projects\zstack\HomeAutomat #
#                          ion\SmartSwitchLight\CC2530DB\..\..\..\..\..\Compo #
#                          nents\stack\sys\" -I "F:\ZigBee                    #
#                          Project\smartSwitch-light\v1.2\ZStack-CC2530-2.5.1 #
#                          a\ZStack-CC2530-2.5.1a\Projects\zstack\HomeAutomat #
#                          ion\SmartSwitchLight\CC2530DB\..\..\..\..\..\Compo #
#                          nents\stack\zcl\" -I "F:\ZigBee                    #
#                          Project\smartSwitch-light\v1.2\ZStack-CC2530-2.5.1 #
#                          a\ZStack-CC2530-2.5.1a\Projects\zstack\HomeAutomat #
#                          ion\SmartSwitchLight\CC2530DB\..\..\..\..\..\Compo #
#                          nents\stack\zdo\" -I "F:\ZigBee                    #
#                          Project\smartSwitch-light\v1.2\ZStack-CC2530-2.5.1 #
#                          a\ZStack-CC2530-2.5.1a\Projects\zstack\HomeAutomat #
#                          ion\SmartSwitchLight\CC2530DB\..\..\..\..\..\Compo #
#                          nents\zmac\" -I "F:\ZigBee                         #
#                          Project\smartSwitch-light\v1.2\ZStack-CC2530-2.5.1 #
#                          a\ZStack-CC2530-2.5.1a\Projects\zstack\HomeAutomat #
#                          ion\SmartSwitchLight\CC2530DB\..\..\..\..\..\Compo #
#                          nents\zmac\f8w\" -Oh --require_prototypes          #
#    List file          =  F:\ZigBee Project\smartSwitch-light\v1.2\ZStack-CC #
#                          2530-2.5.1a\ZStack-CC2530-2.5.1a\Projects\zstack\H #
#                          omeAutomation\SmartSwitchLight\CC2530DB\EndDeviceE #
#                          B\List\mac_rffrontend.lst                          #
#    Object file        =  F:\ZigBee Project\smartSwitch-light\v1.2\ZStack-CC #
#                          2530-2.5.1a\ZStack-CC2530-2.5.1a\Projects\zstack\H #
#                          omeAutomation\SmartSwitchLight\CC2530DB\EndDeviceE #
#                          B\Obj\mac_rffrontend.r51                           #
#                                                                             #
#                                                                             #
###############################################################################

F:\ZigBee Project\smartSwitch-light\v1.2\ZStack-CC2530-2.5.1a\ZStack-CC2530-2.5.1a\Components\mac\low_level\srf04\single_chip\mac_rffrontend.c
      1          /**************************************************************************************************
      2            Filename:       mac_rffrontend.c
      3            Revised:        $Date: 2011-07-12 09:54:47 -0700 (Tue, 12 Jul 2011) $
      4            Revision:       $Revision: 26749 $
      5          
      6            Description:    RF frontend configuration module
      7          
      8          
      9            Copyright 2009-2011 Texas Instruments Incorporated. All rights reserved.
     10          
     11            IMPORTANT: Your use of this Software is limited to those specific rights
     12            granted under the terms of a software license agreement between the user
     13            who downloaded the software, his/her employer (which must be your employer)
     14            and Texas Instruments Incorporated (the "License").  You may not use this
     15            Software unless you agree to abide by the terms of the License. The License
     16            limits your use, and you acknowledge, that the Software may not be modified,
     17            copied or distributed unless embedded on a Texas Instruments microcontroller
     18            or used solely and exclusively in conjunction with a Texas Instruments radio
     19            frequency transceiver, which is integrated into your product.  Other than for
     20            the foregoing purpose, you may not use, reproduce, copy, prepare derivative
     21            works of, modify, distribute, perform, display or sell this Software and/or
     22            its documentation for any purpose.
     23          
     24            YOU FURTHER ACKNOWLEDGE AND AGREE THAT THE SOFTWARE AND DOCUMENTATION ARE
     25            PROVIDED “AS IS” WITHOUT WARRANTY OF ANY KIND, EITHER EXPRESS OR IMPLIED,
     26            INCLUDING WITHOUT LIMITATION, ANY WARRANTY OF MERCHANTABILITY, TITLE,
     27            NON-INFRINGEMENT AND FITNESS FOR A PARTICULAR PURPOSE. IN NO EVENT SHALL
     28            TEXAS INSTRUMENTS OR ITS LICENSORS BE LIABLE OR OBLIGATED UNDER CONTRACT,
     29            NEGLIGENCE, STRICT LIABILITY, CONTRIBUTION, BREACH OF WARRANTY, OR OTHER
     30            LEGAL EQUITABLE THEORY ANY DIRECT OR INDIRECT DAMAGES OR EXPENSES
     31            INCLUDING BUT NOT LIMITED TO ANY INCIDENTAL, SPECIAL, INDIRECT, PUNITIVE
     32            OR CONSEQUENTIAL DAMAGES, LOST PROFITS OR LOST DATA, COST OF PROCUREMENT
     33            OF SUBSTITUTE GOODS, TECHNOLOGY, SERVICES, OR ANY CLAIMS BY THIRD PARTIES
     34            (INCLUDING BUT NOT LIMITED TO ANY DEFENSE THEREOF), OR OTHER SIMILAR COSTS.
     35          
     36            Should you have any questions regarding your right to use this Software,
     37            contact Texas Instruments Incorporated at www.TI.com.
     38          **************************************************************************************************/
     39          
     40          /* ------------------------------------------------------------------------------------------------
     41           *                                             Includes
     42           * ------------------------------------------------------------------------------------------------
     43           */
     44          #include "hal_types.h"
     45          #include "hal_board_cfg.h"

   \                                 In  segment SFR_AN, at 0x80
   \   union <unnamed> volatile __sfr _A_P0
   \                     _A_P0:
   \   000000                DS 1
     46          #include "hal_assert.h"
     47          #include "mac_api.h"
     48          #include "mac_radio_defs.h"
     49          
     50          
     51          /* ------------------------------------------------------------------------------------------------
     52           *                                        Global Constants
     53           * ------------------------------------------------------------------------------------------------
     54           */
     55          
     56          /* The following table index definitions are specific to a particular MAC build */
     57          #define MAC_CC2591_TX_PWR_TABLE_IDX   1
     58          #define MAC_CC2590_TX_PWR_TABLE_IDX   2
     59          #define MAC_CC2591_HGM_RSSI_ADJ_IDX   1
     60          #define MAC_CC2591_LGM_RSSI_ADJ_IDX   2
     61          #define MAC_CC2590_HGM_RSSI_ADJ_IDX   3
     62          #define MAC_CC2590_LGM_RSSI_ADJ_IDX   4
     63          
     64          /* ------------------------------------------------------------------------------------------------
     65           *                                           MACROS
     66           * ------------------------------------------------------------------------------------------------
     67           */
     68          
     69          /* ------------------------------------------------------------------------------------------------
     70           *                                       Function Prototypes
     71           * ------------------------------------------------------------------------------------------------
     72           */
     73          void MAC_RfFrontendSetup(void);
     74          
     75          /**************************************************************************************************
     76           * @fn          MAC_RfFrontendSetup
     77           *
     78           * @brief       Setup RF frontend.
     79           *
     80           * @param       none
     81           *
     82           * @return      none
     83           **************************************************************************************************
     84           */

   \                                 In  segment BANKED_CODE, align 1, keep-with-next
     85          void MAC_RfFrontendSetup(void)
   \                     MAC_RfFrontendSetup:
     86          {
   \   000000   C082         PUSH    DPL
   \   000002   C083         PUSH    DPH
   \   000004                ; Saved register size: 2
   \   000004                ; Auto size: 0
     87            /* CC2591 HGM pin control configuration. 
     88             *   P0_7 -> HGM
     89             */
     90            HAL_PA_LNA_RX_HGM();
   \   000004   D287         SETB    0x80.7
     91            
     92            /* Raises the CCA threshold to about -70 dBm input level.
     93             */
     94            CCACTRL0 = CCA_THR_HGM;
   \   000006   906196       MOV     DPTR,#0x6196
   \   000009   7406         MOV     A,#0x6
   \   00000B   F0           MOVX    @DPTR,A
     95          
     96            /* Select power register value table and RSSI adjustment value table */
     97            MAC_SetRadioRegTable(MAC_CC2591_TX_PWR_TABLE_IDX, MAC_CC2591_HGM_RSSI_ADJ_IDX);
   \   00000C                ; Setup parameters for call to function MAC_SetRadioRegTable
   \   00000C   7A01         MOV     R2,#0x1
   \   00000E   7901         MOV     R1,#0x1
   \   000010   12....       LCALL   ??MAC_SetRadioRegTable?relay
     98          }
   \   000013   D083         POP     DPH
   \   000015   D082         POP     DPL
   \   000017   02....       LJMP    ?BRET
   \   00001A                REQUIRE _A_P0

   \                                 In  segment BANK_RELAYS, align 1
   \                     ??MAC_RfFrontendSetup?relay:
   \   000000   12....       LCALL   ?BDISPATCH
   \   000003   ......       DC24    MAC_RfFrontendSetup
     99          
    100          /**************************************************************************************************
    101           */

   Maximum stack usage in bytes:

     Function                  ISTACK PSTACK XSTACK
     --------                  ------ ------ ------
     MAC_RfFrontendSetup           2      0      0
       -> MAC_SetRadioRegTable     4      0      0


   Segment part sizes:

     Function/Label              Bytes
     --------------              -----
     _A_P0                          1
     MAC_RfFrontendSetup           26
     ??MAC_RfFrontendSetup?relay    6

 
 26 bytes in segment BANKED_CODE
  6 bytes in segment BANK_RELAYS
  1 byte  in segment SFR_AN
 
 32 bytes of CODE memory
  0 bytes of DATA memory (+ 1 byte shared)

Errors: none
Warnings: none
